Excecuting Query Starting Deck
Excecuting Query Starting Deck
Excecuting Query Top Half
Excecuting Query Bottom Half
Excecuting Query Top Half
Excecuting Query Bottom Half
Excecuting Query Top Half
Excecuting Query Bottom Half
Excecuting Query Top Half
Excecuting Query Bottom Half
Excecuting Query Top Half
Excecuting Query Bottom Half
Excecuting Query Top Half
Excecuting Query Bottom Half
Excecuting Query Top Half
Excecuting Query Bottom Half
Excecuting Query Top Half
Excecuting Query Bottom Half
Excecuting Query Top Half
Excecuting Query Bottom Half
Excecuting Query Top Half
Excecuting Query Bottom Half
Excecuting Query Top Half
Excecuting Query Bottom Half
Excecuting Query Top Half
Excecuting Query Bottom Half
Excecuting Query Top Half
Excecuting Query Bottom Half
Excecuting Query Top Half
Excecuting Query Bottom Half
Excecuting Query Top Half
Excecuting Query Bottom Half
Excecuting Query Top Half
Excecuting Query Bottom Half
Excecuting Query Top Half
Excecuting Query Bottom Half
Excecuting Query Top Half
Excecuting Query Bottom Half
Excecuting Query Top Half
Excecuting Query Bottom Half
Excecuting Query Top Half
Excecuting Query Bottom Half
Excecuting Query Top Half
Excecuting Query Bottom Half
Excecuting Query Top Half
Excecuting Query Bottom Half
Excecuting Query Starting Deck
Excecuting Query Top Half
Excecuting Query Bottom Half
Excecuting Query Shuffle
Excecuting Query Top Half
Excecuting Query Bottom Half
Excecuting Query Shuffle
Excecuting Query Top Half
Excecuting Query Bottom Half
Excecuting Query Shuffle
Excecuting Query Top Half
Excecuting Query Bottom Half
Excecuting Query Shuffle
Excecuting Query Top Half
Excecuting Query Bottom Half
Excecuting Query Shuffle
Excecuting Query Top Half
Excecuting Query Bottom Half
Excecuting Query Shuffle
Excecuting Query Top Half
Excecuting Query Bottom Half
Excecuting Query Shuffle
Excecuting Query Top Half
Excecuting Query Bottom Half
Excecuting Query Shuffle
Excecuting Query Top Half
Excecuting Query Bottom Half
Excecuting Query Shuffle
Excecuting Query Top Half
Excecuting Query Bottom Half
Excecuting Query Shuffle
Excecuting Query Top Half
Excecuting Query Bottom Half
Excecuting Query Shuffle
Excecuting Query Top Half
Excecuting Query Bottom Half
Excecuting Query Shuffle
Excecuting Query Top Half
Excecuting Query Bottom Half
Excecuting Query Shuffle
Excecuting Query Top Half
Excecuting Query Bottom Half
Excecuting Query Shuffle
Excecuting Query Top Half
Excecuting Query Bottom Half
Excecuting Query Shuffle
Excecuting Query Top Half
Excecuting Query Bottom Half
Excecuting Query Shuffle
Excecuting Query Top Half
Excecuting Query Bottom Half
Excecuting Query Shuffle
Excecuting Query Top Half
Excecuting Query Bottom Half
Excecuting Query Shuffle
Excecuting Query Top Half
Excecuting Query Bottom Half
Excecuting Query Shuffle
Excecuting Query Top Half
Excecuting Query Bottom Half
Excecuting Query Shuffle
Excecuting Query Top Half
Excecuting Query Bottom Half
Excecuting Query Shuffle
Excecuting Query Top Half
Excecuting Query Bottom Half
Excecuting Query Shuffle
Excecuting Query Top Half
Excecuting Query Bottom Half
Excecuting Query Shuffle
Excecuting Query Top Half
Excecuting Query Bottom Half
Excecuting Query Shuffle
7/6/16 6:28:23 AM Excecuting Query Starting Deck
7/6/16 6:28:23 AM Excecuting Query Top Half
7/6/16 6:28:23 AM Excecuting Query Bottom Half
7/6/16 6:28:23 AM Excecuting Query Shuffle
7/6/16 6:28:23 AM Excecuting Query Top Half
7/6/16 6:28:23 AM Excecuting Query Bottom Half
7/6/16 6:28:23 AM Excecuting Query Shuffle
7/6/16 6:28:23 AM Excecuting Query Top Half
7/6/16 6:28:23 AM Excecuting Query Bottom Half
7/6/16 6:28:23 AM Excecuting Query Shuffle
7/6/16 6:28:23 AM Excecuting Query Top Half
7/6/16 6:28:23 AM Excecuting Query Bottom Half
7/6/16 6:28:23 AM Excecuting Query Shuffle
7/6/16 6:28:23 AM Excecuting Query Top Half
7/6/16 6:28:23 AM Excecuting Query Bottom Half
7/6/16 6:28:23 AM Excecuting Query Shuffle
7/6/16 6:28:23 AM Excecuting Query Top Half
7/6/16 6:28:23 AM Excecuting Query Bottom Half
7/6/16 6:28:23 AM Excecuting Query Shuffle
7/6/16 6:28:23 AM Excecuting Query Top Half
7/6/16 6:28:23 AM Excecuting Query Bottom Half
7/6/16 6:28:23 AM Excecuting Query Shuffle
7/6/16 6:28:23 AM Excecuting Query Top Half
7/6/16 6:28:23 AM Excecuting Query Bottom Half
7/6/16 6:28:23 AM Excecuting Query Shuffle
7/6/16 6:28:23 AM Excecuting Query Top Half
7/6/16 6:28:23 AM Excecuting Query Bottom Half
7/6/16 6:28:23 AM Excecuting Query Shuffle
7/6/16 6:28:23 AM Excecuting Query Top Half
7/6/16 6:28:23 AM Excecuting Query Bottom Half
7/6/16 6:28:23 AM Excecuting Query Shuffle
7/6/16 6:28:23 AM Excecuting Query Top Half
7/6/16 6:28:23 AM Excecuting Query Bottom Half
7/6/16 6:28:23 AM Excecuting Query Shuffle
7/6/16 6:28:23 AM Excecuting Query Top Half
7/6/16 6:28:23 AM Excecuting Query Bottom Half
7/6/16 6:28:23 AM Excecuting Query Shuffle
7/6/16 6:28:23 AM Excecuting Query Top Half
7/6/16 6:28:23 AM Excecuting Query Bottom Half
7/6/16 6:28:23 AM Excecuting Query Shuffle
7/6/16 6:28:23 AM Excecuting Query Top Half
7/6/16 6:28:23 AM Excecuting Query Bottom Half
7/6/16 6:28:23 AM Excecuting Query Shuffle
7/6/16 6:28:23 AM Excecuting Query Top Half
7/6/16 6:28:23 AM Excecuting Query Bottom Half
7/6/16 6:28:23 AM Excecuting Query Shuffle
7/6/16 6:28:24 AM Excecuting Query Top Half
7/6/16 6:28:24 AM Excecuting Query Bottom Half
7/6/16 6:28:24 AM Excecuting Query Shuffle
7/6/16 6:28:25 AM Excecuting Query Top Half
7/6/16 6:28:25 AM Excecuting Query Bottom Half
7/6/16 6:28:25 AM Excecuting Query Shuffle
7/6/16 6:28:26 AM Excecuting Query Top Half
7/6/16 6:28:26 AM Excecuting Query Bottom Half
7/6/16 6:28:26 AM Excecuting Query Shuffle
7/6/16 6:28:30 AM Excecuting Query Top Half
7/6/16 6:28:30 AM Excecuting Query Bottom Half
7/6/16 6:28:30 AM Excecuting Query Shuffle
7/6/16 6:28:36 AM Excecuting Query Top Half
7/6/16 6:28:36 AM Excecuting Query Bottom Half
7/6/16 6:28:36 AM Excecuting Query Shuffle
7/6/16 6:28:49 AM Excecuting Query Top Half
7/6/16 6:28:49 AM Excecuting Query Bottom Half
7/6/16 6:28:49 AM Excecuting Query Shuffle
7/6/16 6:29:15 AM Excecuting Query Top Half
7/6/16 6:29:15 AM Excecuting Query Bottom Half
7/6/16 6:29:15 AM Excecuting Query Shuffle
7/6/16 6:29:26 AM Excecuting Query Starting Deck
7/6/16 6:29:26 AM Excecuting Query Top Half
7/6/16 6:29:26 AM Excecuting Query Bottom Half
7/6/16 6:29:26 AM Excecuting Query Out Shuffle
7/6/16 6:29:26 AM Excecuting Query Top Half
7/6/16 6:29:26 AM Excecuting Query Bottom Half
7/6/16 6:29:26 AM Excecuting Query Out Shuffle
7/6/16 6:29:26 AM Excecuting Query Top Half
7/6/16 6:29:26 AM Excecuting Query Bottom Half
7/6/16 6:29:26 AM Excecuting Query Out Shuffle
7/6/16 6:29:26 AM Excecuting Query Top Half
7/6/16 6:29:26 AM Excecuting Query Bottom Half
7/6/16 6:29:26 AM Excecuting Query Out Shuffle
7/6/16 6:29:26 AM Excecuting Query Top Half
7/6/16 6:29:26 AM Excecuting Query Bottom Half
7/6/16 6:29:26 AM Excecuting Query Out Shuffle
7/6/16 6:29:26 AM Excecuting Query Top Half
7/6/16 6:29:26 AM Excecuting Query Bottom Half
7/6/16 6:29:26 AM Excecuting Query Out Shuffle
7/6/16 6:29:26 AM Excecuting Query Top Half
7/6/16 6:29:26 AM Excecuting Query Bottom Half
7/6/16 6:29:26 AM Excecuting Query Out Shuffle
7/6/16 6:29:26 AM Excecuting Query Top Half
7/6/16 6:29:26 AM Excecuting Query Bottom Half
7/6/16 6:29:26 AM Excecuting Query Out Shuffle
7/6/16 6:29:26 AM Excecuting Query Top Half
7/6/16 6:29:26 AM Excecuting Query Bottom Half
7/6/16 6:29:26 AM Excecuting Query Out Shuffle
7/6/16 6:29:26 AM Excecuting Query Top Half
7/6/16 6:29:26 AM Excecuting Query Bottom Half
7/6/16 6:29:26 AM Excecuting Query Out Shuffle
7/6/16 6:29:26 AM Excecuting Query Top Half
7/6/16 6:29:26 AM Excecuting Query Bottom Half
7/6/16 6:29:26 AM Excecuting Query Out Shuffle
7/6/16 6:29:26 AM Excecuting Query Top Half
7/6/16 6:29:26 AM Excecuting Query Bottom Half
7/6/16 6:29:26 AM Excecuting Query Out Shuffle
7/6/16 6:29:26 AM Excecuting Query Top Half
7/6/16 6:29:26 AM Excecuting Query Bottom Half
7/6/16 6:29:26 AM Excecuting Query Out Shuffle
7/6/16 6:29:26 AM Excecuting Query Top Half
7/6/16 6:29:26 AM Excecuting Query Bottom Half
7/6/16 6:29:26 AM Excecuting Query Out Shuffle
7/6/16 6:29:26 AM Excecuting Query Top Half
7/6/16 6:29:26 AM Excecuting Query Bottom Half
7/6/16 6:29:26 AM Excecuting Query Out Shuffle
7/6/16 6:29:27 AM Excecuting Query Top Half
7/6/16 6:29:27 AM Excecuting Query Bottom Half
7/6/16 6:29:27 AM Excecuting Query Out Shuffle
7/6/16 6:29:27 AM Excecuting Query Top Half
7/6/16 6:29:27 AM Excecuting Query Bottom Half
7/6/16 6:29:27 AM Excecuting Query Out Shuffle
7/6/16 6:29:29 AM Excecuting Query Top Half
7/6/16 6:29:29 AM Excecuting Query Bottom Half
7/6/16 6:29:29 AM Excecuting Query Out Shuffle
7/6/16 6:29:32 AM Excecuting Query Top Half
7/6/16 6:29:32 AM Excecuting Query Bottom Half
7/6/16 6:29:32 AM Excecuting Query Out Shuffle
7/6/16 6:29:38 AM Excecuting Query Top Half
7/6/16 6:29:38 AM Excecuting Query Bottom Half
7/6/16 6:29:38 AM Excecuting Query Out Shuffle
7/6/16 6:29:51 AM Excecuting Query Top Half
7/6/16 6:29:51 AM Excecuting Query Bottom Half
7/6/16 6:29:51 AM Excecuting Query Out Shuffle
7/6/16 6:30:16 AM Excecuting Query Top Half
7/6/16 6:30:16 AM Excecuting Query Bottom Half
7/6/16 6:30:16 AM Excecuting Query Out Shuffle
7/6/16 6:30:35 AM Excecuting Query Starting Deck
7/6/16 6:30:35 AM Excecuting Query Top Half
7/6/16 6:30:35 AM Excecuting Query Bottom Half
7/6/16 6:30:35 AM Excecuting Query In Shuffle
7/6/16 6:30:35 AM Excecuting Query Top Half
7/6/16 6:30:35 AM Excecuting Query Bottom Half
7/6/16 6:30:35 AM Excecuting Query In Shuffle
7/6/16 6:30:35 AM Excecuting Query Top Half
7/6/16 6:30:35 AM Excecuting Query Bottom Half
7/6/16 6:30:35 AM Excecuting Query In Shuffle
7/6/16 6:30:35 AM Excecuting Query Top Half
7/6/16 6:30:35 AM Excecuting Query Bottom Half
7/6/16 6:30:35 AM Excecuting Query In Shuffle
7/6/16 6:30:35 AM Excecuting Query Top Half
7/6/16 6:30:35 AM Excecuting Query Bottom Half
7/6/16 6:30:35 AM Excecuting Query In Shuffle
7/6/16 6:30:35 AM Excecuting Query Top Half
7/6/16 6:30:35 AM Excecuting Query Bottom Half
7/6/16 6:30:35 AM Excecuting Query In Shuffle
7/6/16 6:30:35 AM Excecuting Query Top Half
7/6/16 6:30:35 AM Excecuting Query Bottom Half
7/6/16 6:30:35 AM Excecuting Query In Shuffle
7/6/16 6:30:35 AM Excecuting Query Top Half
7/6/16 6:30:35 AM Excecuting Query Bottom Half
7/6/16 6:30:35 AM Excecuting Query In Shuffle
7/6/16 6:30:59 AM Excecuting Query Starting Deck
7/6/16 6:30:59 AM Excecuting Query Top Half
7/6/16 6:30:59 AM Excecuting Query Bottom Half
7/6/16 6:30:59 AM Excecuting Query In Shuffle
7/6/16 6:30:59 AM Excecuting Query Top Half
7/6/16 6:30:59 AM Excecuting Query Bottom Half
7/6/16 6:30:59 AM Excecuting Query In Shuffle
7/6/16 6:30:59 AM Excecuting Query Top Half
7/6/16 6:30:59 AM Excecuting Query Bottom Half
7/6/16 6:30:59 AM Excecuting Query In Shuffle
7/6/16 6:30:59 AM Excecuting Query Top Half
7/6/16 6:30:59 AM Excecuting Query Bottom Half
7/6/16 6:30:59 AM Excecuting Query In Shuffle
7/6/16 6:30:59 AM Excecuting Query Top Half
7/6/16 6:30:59 AM Excecuting Query Bottom Half
7/6/16 6:30:59 AM Excecuting Query In Shuffle
7/6/16 6:30:59 AM Excecuting Query Top Half
7/6/16 6:30:59 AM Excecuting Query Bottom Half
7/6/16 6:30:59 AM Excecuting Query In Shuffle
7/6/16 6:30:59 AM Excecuting Query Top Half
7/6/16 6:30:59 AM Excecuting Query Bottom Half
7/6/16 6:30:59 AM Excecuting Query In Shuffle
7/6/16 6:30:59 AM Excecuting Query Top Half
7/6/16 6:30:59 AM Excecuting Query Bottom Half
7/6/16 6:30:59 AM Excecuting Query In Shuffle
7/6/16 6:32:01 AM Excecuting Query Starting Deck using ToArray
7/6/16 6:32:01 AM Excecuting Query Top Half
7/6/16 6:32:01 AM Excecuting Query Bottom Half
7/6/16 6:32:01 AM Excecuting Query In Shuffle
7/6/16 6:32:01 AM Excecuting Query Top Half
7/6/16 6:32:01 AM Excecuting Query Bottom Half
7/6/16 6:32:01 AM Excecuting Query In Shuffle
7/6/16 6:32:01 AM Excecuting Query Top Half
7/6/16 6:32:01 AM Excecuting Query Bottom Half
7/6/16 6:32:01 AM Excecuting Query In Shuffle
7/6/16 6:32:01 AM Excecuting Query Top Half
7/6/16 6:32:01 AM Excecuting Query Bottom Half
7/6/16 6:32:01 AM Excecuting Query In Shuffle
7/6/16 6:32:01 AM Excecuting Query Top Half
7/6/16 6:32:01 AM Excecuting Query Bottom Half
7/6/16 6:32:01 AM Excecuting Query In Shuffle
7/6/16 6:32:01 AM Excecuting Query Top Half
7/6/16 6:32:01 AM Excecuting Query Bottom Half
7/6/16 6:32:01 AM Excecuting Query In Shuffle
7/6/16 6:32:01 AM Excecuting Query Top Half
7/6/16 6:32:01 AM Excecuting Query Bottom Half
7/6/16 6:32:01 AM Excecuting Query In Shuffle
7/6/16 6:32:01 AM Excecuting Query Top Half
7/6/16 6:32:01 AM Excecuting Query Bottom Half
7/6/16 6:32:01 AM Excecuting Query In Shuffle
7/6/16 6:34:10 AM Excecuting Query Starting Deck using ToArray
7/6/16 6:34:10 AM Excecuting Query Top Half
7/6/16 6:34:10 AM Excecuting Query Bottom Half
7/6/16 6:34:10 AM Excecuting Query In Shuffle
7/6/16 6:34:10 AM Excecuting Query Top Half
7/6/16 6:34:10 AM Excecuting Query Bottom Half
7/6/16 6:34:10 AM Excecuting Query In Shuffle
7/6/16 6:34:10 AM Excecuting Query Top Half
7/6/16 6:34:10 AM Excecuting Query Bottom Half
7/6/16 6:34:10 AM Excecuting Query In Shuffle
7/6/16 6:34:10 AM Excecuting Query Top Half
7/6/16 6:34:10 AM Excecuting Query Bottom Half
7/6/16 6:34:10 AM Excecuting Query In Shuffle
7/6/16 6:34:10 AM Excecuting Query Top Half
7/6/16 6:34:10 AM Excecuting Query Bottom Half
7/6/16 6:34:10 AM Excecuting Query In Shuffle
7/6/16 6:34:10 AM Excecuting Query Top Half
7/6/16 6:34:10 AM Excecuting Query Bottom Half
7/6/16 6:34:10 AM Excecuting Query In Shuffle
7/6/16 6:34:10 AM Excecuting Query Top Half
7/6/16 6:34:10 AM Excecuting Query Bottom Half
7/6/16 6:34:10 AM Excecuting Query In Shuffle
7/6/16 6:34:10 AM Excecuting Query Top Half
7/6/16 6:34:10 AM Excecuting Query Bottom Half
7/6/16 6:34:10 AM Excecuting Query In Shuffle
7/6/16 6:35:45 AM Excecuting Query Starting Deck using ToArray
7/6/16 6:35:45 AM Excecuting Query Top Half
7/6/16 6:35:45 AM Excecuting Query Bottom Half
7/6/16 6:35:45 AM Excecuting Query In Shuffle
7/6/16 6:35:45 AM Excecuting Query Top Half
7/6/16 6:35:45 AM Excecuting Query Bottom Half
7/6/16 6:35:45 AM Excecuting Query In Shuffle
7/6/16 6:35:45 AM Excecuting Query Top Half
7/6/16 6:35:45 AM Excecuting Query Bottom Half
7/6/16 6:35:45 AM Excecuting Query In Shuffle
7/6/16 6:35:45 AM Excecuting Query Top Half
7/6/16 6:35:45 AM Excecuting Query Bottom Half
7/6/16 6:35:45 AM Excecuting Query In Shuffle
7/6/16 6:35:45 AM Excecuting Query Top Half
7/6/16 6:35:45 AM Excecuting Query Bottom Half
7/6/16 6:35:45 AM Excecuting Query In Shuffle
7/6/16 6:35:45 AM Excecuting Query Top Half
7/6/16 6:35:45 AM Excecuting Query Bottom Half
7/6/16 6:35:45 AM Excecuting Query In Shuffle
7/6/16 6:35:45 AM Excecuting Query Top Half
7/6/16 6:35:45 AM Excecuting Query Bottom Half
7/6/16 6:35:45 AM Excecuting Query In Shuffle
7/6/16 6:35:45 AM Excecuting Query Top Half
7/6/16 6:35:45 AM Excecuting Query Bottom Half
7/6/16 6:35:45 AM Excecuting Query In Shuffle
7/6/16 6:58:22 AM Excecuting Query Starting Deck using ToArray
7/6/16 6:58:22 AM Excecuting Query Top Half
7/6/16 6:58:22 AM Excecuting Query Bottom Half
7/6/16 6:58:22 AM Excecuting Query In Shuffle
7/6/16 6:58:22 AM Excecuting Query Top Half
7/6/16 6:58:22 AM Excecuting Query Bottom Half
7/6/16 6:58:22 AM Excecuting Query In Shuffle
7/6/16 6:58:22 AM Excecuting Query Top Half
7/6/16 6:58:22 AM Excecuting Query Bottom Half
7/6/16 6:58:22 AM Excecuting Query In Shuffle
7/6/16 6:58:22 AM Excecuting Query Top Half
7/6/16 6:58:22 AM Excecuting Query Bottom Half
7/6/16 6:58:22 AM Excecuting Query In Shuffle
7/6/16 6:58:22 AM Excecuting Query Top Half
7/6/16 6:58:22 AM Excecuting Query Bottom Half
7/6/16 6:58:22 AM Excecuting Query In Shuffle
7/6/16 6:58:22 AM Excecuting Query Top Half
7/6/16 6:58:22 AM Excecuting Query Bottom Half
7/6/16 6:58:22 AM Excecuting Query In Shuffle
7/6/16 6:58:22 AM Excecuting Query Top Half
7/6/16 6:58:22 AM Excecuting Query Bottom Half
7/6/16 6:58:22 AM Excecuting Query In Shuffle
7/6/16 6:58:22 AM Excecuting Query Top Half
7/6/16 6:58:22 AM Excecuting Query Bottom Half
7/6/16 6:58:22 AM Excecuting Query In Shuffle
7/6/16 7:20:36 AM Excecuting Query Suit Generation
7/6/16 7:20:36 AM Excecuting Query Starting Deck
7/6/16 7:20:36 AM Excecuting Query Rank Generation
7/6/16 7:20:36 AM Excecuting Query Rank Generation
7/6/16 7:20:36 AM Excecuting Query Rank Generation
7/6/16 7:20:36 AM Excecuting Query Rank Generation
7/6/16 7:21:28 AM Excecuting Query Suit Generation
7/6/16 7:21:28 AM Excecuting Query Starting Deck
7/6/16 7:21:28 AM Excecuting Query Rank Generation
7/6/16 7:21:28 AM Excecuting Query Rank Generation
7/6/16 7:21:28 AM Excecuting Query Rank Generation
7/6/16 7:21:28 AM Excecuting Query Rank Generation
7/6/16 7:21:41 AM Excecuting Query Suit Generation
7/6/16 7:21:41 AM Excecuting Query Starting Deck
7/6/16 7:21:41 AM Excecuting Query Rank Generation
7/6/16 7:21:41 AM Excecuting Query Rank Generation
7/6/16 7:21:41 AM Excecuting Query Rank Generation
7/6/16 7:21:41 AM Excecuting Query Rank Generation
7/6/16 7:21:41 AM Excecuting Query Top Half
7/6/16 7:21:41 AM Excecuting Query Bottom Half
7/6/16 7:21:41 AM Excecuting Query In Shuffle
7/6/16 7:21:41 AM Excecuting Query Top Half
7/6/16 7:21:41 AM Excecuting Query Bottom Half
7/6/16 7:21:41 AM Excecuting Query In Shuffle
7/6/16 7:21:41 AM Excecuting Query Top Half
7/6/16 7:21:41 AM Excecuting Query Bottom Half
7/6/16 7:21:41 AM Excecuting Query In Shuffle
7/6/16 7:21:41 AM Excecuting Query Top Half
7/6/16 7:21:41 AM Excecuting Query Bottom Half
7/6/16 7:21:41 AM Excecuting Query In Shuffle
7/6/16 7:21:41 AM Excecuting Query Top Half
7/6/16 7:21:41 AM Excecuting Query Bottom Half
7/6/16 7:21:41 AM Excecuting Query In Shuffle
7/6/16 7:21:41 AM Excecuting Query Top Half
7/6/16 7:21:41 AM Excecuting Query Bottom Half
7/6/16 7:21:41 AM Excecuting Query In Shuffle
7/6/16 7:21:41 AM Excecuting Query Top Half
7/6/16 7:21:41 AM Excecuting Query Bottom Half
7/6/16 7:21:41 AM Excecuting Query In Shuffle
7/6/16 7:21:41 AM Excecuting Query Top Half
7/6/16 7:21:41 AM Excecuting Query Bottom Half
7/6/16 7:21:41 AM Excecuting Query In Shuffle
